
Cell 2:


Cell 4:
Current branch     : dev
Current environment: dev

Cell 5:

Cell 6:


Cell 7:
Index(['ID', 'LONGDISTANCE', 'INTERNATIONAL', 'LOCAL', 'DROPPED', 'PAYMETHOD',
       'LOCALBILLTYPE', 'LONGDISTANCEBILLTYPE', 'USAGE', 'RATEPLAN', 'GENDER',
       'STATUS', 'CHILDREN', 'ESTINCOME', 'CAROWNER', 'AGE', 'CREDITCARD',
       'DOB', 'ADDRESS_1', 'CITY', 'STATE', 'ZIP', 'ZIP4', 'LONGITUDE',
       'LATITUDE', 'CHURN'],
      dtype='object')

Cell 8:

Cell 10:


Cell 11:

Cell 12:


Cell 13:

Cell 14:


Cell 15:


Cell 16:

Cell 17:
              precision    recall  f1-score   support

         0.0       0.98      0.95      0.97       168
         1.0       0.93      0.97      0.95       115

    accuracy                           0.96       283
   macro avg       0.96      0.96      0.96       283
weighted avg       0.96      0.96      0.96       283


Cell 20:


Cell 21:


Cell 22:


Cell 23:


Cell 25:
Deployment space with name churn-dev already exists
Using the existing space

Cell 26:


Cell 27:
Software specification "IBM Runtime 22.1 on R 36", identifiier runtime-22.1-r3.6
Software specification "IBM Runtime 22.1 on Python 3.9", identifiier runtime-22.1-py3.9
Software specification "IBM GPU Runtime 22.1 on Python 3.9", identifiier runtime-22.1-py3.9-cuda
Software specification "Runtime 23.1 on Python 3.10", identifiier runtime-23.1-py3.10
Software specification "GPU Runtime 22.2 on Python 3.10", identifiier runtime-22.2-py3.10-cuda
Software specification "Runtime 23.1 on R 4.2", identifiier runtime-23.1-r4.2
Software specification "Runtime 22.2 on Python 3.10", identifiier runtime-22.2-py3.10
Software specification "Runtime 22.2 on R 4.2", identifiier runtime-22.2-r4.2
Software specification "GPU Runtime 23.1 on Python 3.10", identifiier runtime-23.1-py3.10-cuda

Cell 28:


Cell 29:
scikit-learn version: 1.1.1

Cell 30:


Cell 31:
------------------------------------  --------------  ------------------------  ----------------  ----------  ----------------
ID                                    NAME            CREATED                   TYPE              SPEC_STATE  SPEC_REPLACEMENT
b8bfc881-7cf7-4033-81e0-4e1b1c9928bc  churn_pipeline  2024-03-11T09:49:15.002Z  scikit-learn_1.1  supported
f9c03b00-50f9-4899-a1bf-d734a9a29863  churn_pipeline  2024-03-11T09:46:33.002Z  scikit-learn_1.1  supported
------------------------------------  --------------  ------------------------  ----------------  ----------  ----------------


Cell 32:

Cell 33:
This method is deprecated, please use get_model_id()



#######################################################################################

Synchronous deployment creation for uid: 'b8bfc881-7cf7-4033-81e0-4e1b1c9928bc' started

#######################################################################################


initializing

Note: online_url is deprecated and will be removed in a future release. Use serving_urls instead.

ready


------------------------------------------------------------------------------------------------
Successfully finished deployment creation, deployment_uid='1f7e7d3a-38f3-4b5b-81e6-82f08add61a9'
------------------------------------------------------------------------------------------------



Cell 34:
https://internal-nginx-svc.cpd-instance.svc.cluster.local:12443/ml/v4/deployments/1f7e7d3a-38f3-4b5b-81e6-82f08add61a9/predictions

Cell 36:
Deployment 2b43afec-5c54-47f3-abf7-6d1003a1b690 will be deleted

Cell 38:
Model f9c03b00-50f9-4899-a1bf-d734a9a29863 will be deleted

Cell 40:
------------------------------------  --------------  ------------------------  ----------------  ----------  ----------------
ID                                    NAME            CREATED                   TYPE              SPEC_STATE  SPEC_REPLACEMENT
b8bfc881-7cf7-4033-81e0-4e1b1c9928bc  churn_pipeline  2024-03-11T09:49:15.002Z  scikit-learn_1.1  supported
------------------------------------  --------------  ------------------------  ----------------  ----------  ----------------

------------------------------------  -------------------------  -----  ------------------------  -------------  ----------  ----------------
GUID                                  NAME                       STATE  CREATED                   ARTIFACT_TYPE  SPEC_STATE  SPEC_REPLACEMENT
1f7e7d3a-38f3-4b5b-81e6-82f08add61a9  churn_pipeline_deployment  ready  2024-03-11T09:49:20.055Z  model          supported
------------------------------------  -------------------------  -----  ------------------------  -------------  ----------  ----------------


Cell 42:


Cell 43:
{
  "predictions": [
    {
      "fields": [
        "prediction",
        "probability"
      ],
      "values": [
        [
          0.0,
          [
            1.0,
            0.0
          ]
        ]
      ]
    }
  ]
}
